Performing C SOURCE FILE Test CMAKE_HAVE_LIBC_PTHREAD failed with the following output:
Change Dir: /home/n4n0/Development/KDE-Themes/KDE-Rounded-Corners/qt5build/CMakeFiles/CMakeTmp

Run Build Command(s):/usr/bin/gmake cmTC_d87af/fast && /usr/bin/gmake -f CMakeFiles/cmTC_d87af.dir/build.make CMakeFiles/cmTC_d87af.dir/build
gmake[1]: Verzeichnis „/home/n4n0/Development/KDE-Themes/KDE-Rounded-Corners/qt5build/CMakeFiles/CMakeTmp“ wird betreten
Building C object CMakeFiles/cmTC_d87af.dir/src.c.o
/usr/bin/cc   -DCMAKE_HAVE_LIBC_PTHREAD   -o CMakeFiles/cmTC_d87af.dir/src.c.o   -c /home/n4n0/Development/KDE-Themes/KDE-Rounded-Corners/qt5build/CMakeFiles/CMakeTmp/src.c
Linking C executable cmTC_d87af
/usr/bin/cmake -E cmake_link_script CMakeFiles/cmTC_d87af.dir/link.txt --verbose=1
/usr/bin/cc  -DCMAKE_HAVE_LIBC_PTHREAD    -rdynamic CMakeFiles/cmTC_d87af.dir/src.c.o  -o cmTC_d87af 
/usr/lib64/gcc/x86_64-suse-linux/9/../../../../x86_64-suse-linux/bin/ld: CMakeFiles/cmTC_d87af.dir/src.c.o: in function `main':
src.c:(.text+0x2d): undefined reference to `pthread_create'
/usr/lib64/gcc/x86_64-suse-linux/9/../../../../x86_64-suse-linux/bin/ld: src.c:(.text+0x39): undefined reference to `pthread_detach'
/usr/lib64/gcc/x86_64-suse-linux/9/../../../../x86_64-suse-linux/bin/ld: src.c:(.text+0x4a): undefined reference to `pthread_join'
collect2: error: ld returned 1 exit status
gmake[1]: *** [CMakeFiles/cmTC_d87af.dir/build.make:87: cmTC_d87af] Fehler 1
gmake[1]: Verzeichnis „/home/n4n0/Development/KDE-Themes/KDE-Rounded-Corners/qt5build/CMakeFiles/CMakeTmp“ wird verlassen
gmake: *** [Makefile:121: cmTC_d87af/fast] Fehler 2


Source file was:
#include <pthread.h>

void* test_func(void* data)
{
  return data;
}

int main(void)
{
  pthread_t thread;
  pthread_create(&thread, NULL, test_func, NULL);
  pthread_detach(thread);
  pthread_join(thread, NULL);
  pthread_atfork(NULL, NULL, NULL);
  pthread_exit(NULL);

  return 0;
}

Determining if the function pthread_create exists in the pthreads failed with the following output:
Change Dir: /home/n4n0/Development/KDE-Themes/KDE-Rounded-Corners/qt5build/CMakeFiles/CMakeTmp

Run Build Command(s):/usr/bin/gmake cmTC_469f9/fast && /usr/bin/gmake -f CMakeFiles/cmTC_469f9.dir/build.make CMakeFiles/cmTC_469f9.dir/build
gmake[1]: Verzeichnis „/home/n4n0/Development/KDE-Themes/KDE-Rounded-Corners/qt5build/CMakeFiles/CMakeTmp“ wird betreten
Building C object CMakeFiles/cmTC_469f9.dir/CheckFunctionExists.c.o
/usr/bin/cc   -DCHECK_FUNCTION_EXISTS=pthread_create   -o CMakeFiles/cmTC_469f9.dir/CheckFunctionExists.c.o   -c /usr/share/cmake/Modules/CheckFunctionExists.c
Linking C executable cmTC_469f9
/usr/bin/cmake -E cmake_link_script CMakeFiles/cmTC_469f9.dir/link.txt --verbose=1
/usr/bin/cc  -DCHECK_FUNCTION_EXISTS=pthread_create    -rdynamic CMakeFiles/cmTC_469f9.dir/CheckFunctionExists.c.o  -o cmTC_469f9 -lpthreads 
/usr/lib64/gcc/x86_64-suse-linux/9/../../../../x86_64-suse-linux/bin/ld: cannot find -lpthreads
collect2: error: ld returned 1 exit status
gmake[1]: *** [CMakeFiles/cmTC_469f9.dir/build.make:87: cmTC_469f9] Fehler 1
gmake[1]: Verzeichnis „/home/n4n0/Development/KDE-Themes/KDE-Rounded-Corners/qt5build/CMakeFiles/CMakeTmp“ wird verlassen
gmake: *** [Makefile:121: cmTC_469f9/fast] Fehler 2



