The system is: Linux - 5.3.9-1-default - x86_64
Compiling the C compiler identification source file "CMakeCCompilerId.c" succeeded.
Compiler: /usr/bin/cc 
Build flags: 
Id flags:  

The output was:
0


Compilation of the C compiler identification source "CMakeCCompilerId.c" produced "a.out"

The C compiler identification is GNU, found in "/home/n4n0/Development/KDE-Themes/KDE-Rounded-Corners/qt5build/CMakeFiles/3.15.3/CompilerIdC/a.out"

Compiling the CXX compiler identification source file "CMakeCXXCompilerId.cpp" succeeded.
Compiler: /usr/bin/c++ 
Build flags: 
Id flags:  

The output was:
0


Compilation of the CXX compiler identification source "CMakeCXXCompilerId.cpp" produced "a.out"

The CXX compiler identification is GNU, found in "/home/n4n0/Development/KDE-Themes/KDE-Rounded-Corners/qt5build/CMakeFiles/3.15.3/CompilerIdCXX/a.out"

Determining if the C compiler works passed with the following output:
Change Dir: /home/n4n0/Development/KDE-Themes/KDE-Rounded-Corners/qt5build/CMakeFiles/CMakeTmp

Run Build Command(s):/usr/bin/gmake cmTC_558ad/fast && /usr/bin/gmake -f CMakeFiles/cmTC_558ad.dir/build.make CMakeFiles/cmTC_558ad.dir/build
gmake[1]: Verzeichnis „/home/n4n0/Development/KDE-Themes/KDE-Rounded-Corners/qt5build/CMakeFiles/CMakeTmp“ wird betreten
Building C object CMakeFiles/cmTC_558ad.dir/testCCompiler.c.o
/usr/bin/cc    -o CMakeFiles/cmTC_558ad.dir/testCCompiler.c.o   -c /home/n4n0/Development/KDE-Themes/KDE-Rounded-Corners/qt5build/CMakeFiles/CMakeTmp/testCCompiler.c
Linking C executable cmTC_558ad
/usr/bin/cmake -E cmake_link_script CMakeFiles/cmTC_558ad.dir/link.txt --verbose=1
/usr/bin/cc      -rdynamic CMakeFiles/cmTC_558ad.dir/testCCompiler.c.o  -o cmTC_558ad 
gmake[1]: Verzeichnis „/home/n4n0/Development/KDE-Themes/KDE-Rounded-Corners/qt5build/CMakeFiles/CMakeTmp“ wird verlassen



Detecting C compiler ABI info compiled with the following output:
Change Dir: /home/n4n0/Development/KDE-Themes/KDE-Rounded-Corners/qt5build/CMakeFiles/CMakeTmp

Run Build Command(s):/usr/bin/gmake cmTC_34bd3/fast && /usr/bin/gmake -f CMakeFiles/cmTC_34bd3.dir/build.make CMakeFiles/cmTC_34bd3.dir/build
gmake[1]: Entering directory '/home/n4n0/Development/KDE-Themes/KDE-Rounded-Corners/qt5build/CMakeFiles/CMakeTmp'
Building C object CMakeFiles/cmTC_34bd3.dir/CMakeCCompilerABI.c.o
/usr/bin/cc   -v -o CMakeFiles/cmTC_34bd3.dir/CMakeCCompilerABI.c.o   -c /usr/share/cmake/Modules/CMakeCCompilerABI.c
Using built-in specs.
COLLECT_GCC=/usr/bin/cc
OFFLOAD_TARGET_NAMES=hsa:nvptx-none
Target: x86_64-suse-linux
Configured with: ../configure --prefix=/usr --infodir=/usr/share/info --mandir=/usr/share/man --libdir=/usr/lib64 --libexecdir=/usr/lib64 --enable-languages=c,c++,objc,fortran,obj-c++,ada,go,d --enable-offload-targets=hsa,nvptx-none=/usr/nvptx-none, --without-cuda-driver --disable-werror --with-gxx-include-dir=/usr/include/c++/9 --enable-ssp --disable-libssp --disable-libvtv --disable-cet --disable-libcc1 --enable-plugin --with-bugurl=https://bugs.opensuse.org/ --with-pkgversion='SUSE Linux' --with-slibdir=/lib64 --with-system-zlib --enable-libstdcxx-allocator=new --disable-libstdcxx-pch --enable-libphobos --enable-version-specific-runtime-libs --with-gcc-major-version-only --enable-linker-build-id --enable-linux-futex --enable-gnu-indirect-function --program-suffix=-9 --without-system-libunwind --enable-multilib --with-arch-32=x86-64 --with-tune=generic --with-build-config=bootstrap-lto-lean --enable-link-mutex --build=x86_64-suse-linux --host=x86_64-suse-linux
Thread model: posix
gcc version 9.2.1 20190903 [gcc-9-branch revision 275330] (SUSE Linux) 
COLLECT_GCC_OPTIONS='-v' '-o' 'CMakeFiles/cmTC_34bd3.dir/CMakeCCompilerABI.c.o' '-c' '-mtune=generic' '-march=x86-64'
 /usr/lib64/gcc/x86_64-suse-linux/9/cc1 -quiet -v /usr/share/cmake/Modules/CMakeCCompilerABI.c -quiet -dumpbase CMakeCCompilerABI.c -mtune=generic -march=x86-64 -auxbase-strip CMakeFiles/cmTC_34bd3.dir/CMakeCCompilerABI.c.o -version -o /tmp/ccvem2oE.s
GNU C17 (SUSE Linux) version 9.2.1 20190903 [gcc-9-branch revision 275330] (x86_64-suse-linux)
	compiled by GNU C version 9.2.1 20190903 [gcc-9-branch revision 275330], GMP version 6.1.2, MPFR version 4.0.2, MPC version 1.1.0, isl version isl-0.20-GMP

GGC heuristics: --param ggc-min-expand=100 --param ggc-min-heapsize=131072
#include "..." search starts here:
#include <...> search starts here:
 /usr/lib64/gcc/x86_64-suse-linux/9/include
 /usr/local/include
 /usr/lib64/gcc/x86_64-suse-linux/9/include-fixed
 /usr/lib64/gcc/x86_64-suse-linux/9/../../../../x86_64-suse-linux/include
 /usr/include
End of search list.
GNU C17 (SUSE Linux) version 9.2.1 20190903 [gcc-9-branch revision 275330] (x86_64-suse-linux)
	compiled by GNU C version 9.2.1 20190903 [gcc-9-branch revision 275330], GMP version 6.1.2, MPFR version 4.0.2, MPC version 1.1.0, isl version isl-0.20-GMP

GGC heuristics: --param ggc-min-expand=100 --param ggc-min-heapsize=131072
Compiler executable checksum: 00000000000000000000000000000000
COLLECT_GCC_OPTIONS='-v' '-o' 'CMakeFiles/cmTC_34bd3.dir/CMakeCCompilerABI.c.o' '-c' '-mtune=generic' '-march=x86-64'
 /usr/lib64/gcc/x86_64-suse-linux/9/../../../../x86_64-suse-linux/bin/as -v --64 -o CMakeFiles/cmTC_34bd3.dir/CMakeCCompilerABI.c.o /tmp/ccvem2oE.s
GNU assembler version 2.32.0 (x86_64-suse-linux) using BFD version (GNU Binutils; openSUSE Tumbleweed) 2.32.0.20190909-8
COMPILER_PATH=/usr/lib64/gcc/x86_64-suse-linux/9/:/usr/lib64/gcc/x86_64-suse-linux/9/:/usr/lib64/gcc/x86_64-suse-linux/:/usr/lib64/gcc/x86_64-suse-linux/9/:/usr/lib64/gcc/x86_64-suse-linux/:/usr/lib64/gcc/x86_64-suse-linux/9/../../../../x86_64-suse-linux/bin/
LIBRARY_PATH=/usr/lib64/gcc/x86_64-suse-linux/9/:/usr/lib64/gcc/x86_64-suse-linux/9/../../../../lib64/:/lib/../lib64/:/usr/lib/../lib64/:/usr/lib64/gcc/x86_64-suse-linux/9/../../../../x86_64-suse-linux/lib/:/usr/lib64/gcc/x86_64-suse-linux/9/../../../:/lib/:/usr/lib/
COLLECT_GCC_OPTIONS='-v' '-o' 'CMakeFiles/cmTC_34bd3.dir/CMakeCCompilerABI.c.o' '-c' '-mtune=generic' '-march=x86-64'
Linking C executable cmTC_34bd3
/usr/bin/cmake -E cmake_link_script CMakeFiles/cmTC_34bd3.dir/link.txt --verbose=1
/usr/bin/cc     -v -rdynamic CMakeFiles/cmTC_34bd3.dir/CMakeCCompilerABI.c.o  -o cmTC_34bd3 
Using built-in specs.
COLLECT_GCC=/usr/bin/cc
COLLECT_LTO_WRAPPER=/usr/lib64/gcc/x86_64-suse-linux/9/lto-wrapper
OFFLOAD_TARGET_NAMES=hsa:nvptx-none
Target: x86_64-suse-linux
Configured with: ../configure --prefix=/usr --infodir=/usr/share/info --mandir=/usr/share/man --libdir=/usr/lib64 --libexecdir=/usr/lib64 --enable-languages=c,c++,objc,fortran,obj-c++,ada,go,d --enable-offload-targets=hsa,nvptx-none=/usr/nvptx-none, --without-cuda-driver --disable-werror --with-gxx-include-dir=/usr/include/c++/9 --enable-ssp --disable-libssp --disable-libvtv --disable-cet --disable-libcc1 --enable-plugin --with-bugurl=https://bugs.opensuse.org/ --with-pkgversion='SUSE Linux' --with-slibdir=/lib64 --with-system-zlib --enable-libstdcxx-allocator=new --disable-libstdcxx-pch --enable-libphobos --enable-version-specific-runtime-libs --with-gcc-major-version-only --enable-linker-build-id --enable-linux-futex --enable-gnu-indirect-function --program-suffix=-9 --without-system-libunwind --enable-multilib --with-arch-32=x86-64 --with-tune=generic --with-build-config=bootstrap-lto-lean --enable-link-mutex --build=x86_64-suse-linux --host=x86_64-suse-linux
Thread model: posix
gcc version 9.2.1 20190903 [gcc-9-branch revision 275330] (SUSE Linux) 
COMPILER_PATH=/usr/lib64/gcc/x86_64-suse-linux/9/:/usr/lib64/gcc/x86_64-suse-linux/9/:/usr/lib64/gcc/x86_64-suse-linux/:/usr/lib64/gcc/x86_64-suse-linux/9/:/usr/lib64/gcc/x86_64-suse-linux/:/usr/lib64/gcc/x86_64-suse-linux/9/../../../../x86_64-suse-linux/bin/
LIBRARY_PATH=/usr/lib64/gcc/x86_64-suse-linux/9/:/usr/lib64/gcc/x86_64-suse-linux/9/../../../../lib64/:/lib/../lib64/:/usr/lib/../lib64/:/usr/lib64/gcc/x86_64-suse-linux/9/../../../../x86_64-suse-linux/lib/:/usr/lib64/gcc/x86_64-suse-linux/9/../../../:/lib/:/usr/lib/
COLLECT_GCC_OPTIONS='-v' '-rdynamic' '-o' 'cmTC_34bd3' '-mtune=generic' '-march=x86-64'
 /usr/lib64/gcc/x86_64-suse-linux/9/collect2 -plugin /usr/lib64/gcc/x86_64-suse-linux/9/liblto_plugin.so -plugin-opt=/usr/lib64/gcc/x86_64-suse-linux/9/lto-wrapper -plugin-opt=-fresolution=/tmp/cc99cL33.res -plugin-opt=-pass-through=-lgcc -plugin-opt=-pass-through=-lgcc_s -plugin-opt=-pass-through=-lc -plugin-opt=-pass-through=-lgcc -plugin-opt=-pass-through=-lgcc_s --build-id --eh-frame-hdr -m elf_x86_64 -export-dynamic -dynamic-linker /lib64/ld-linux-x86-64.so.2 -o cmTC_34bd3 /usr/lib64/gcc/x86_64-suse-linux/9/../../../../lib64/crt1.o /usr/lib64/gcc/x86_64-suse-linux/9/../../../../lib64/crti.o /usr/lib64/gcc/x86_64-suse-linux/9/crtbegin.o -L/usr/lib64/gcc/x86_64-suse-linux/9 -L/usr/lib64/gcc/x86_64-suse-linux/9/../../../../lib64 -L/lib/../lib64 -L/usr/lib/../lib64 -L/usr/lib64/gcc/x86_64-suse-linux/9/../../../../x86_64-suse-linux/lib -L/usr/lib64/gcc/x86_64-suse-linux/9/../../.. CMakeFiles/cmTC_34bd3.dir/CMakeCCompilerABI.c.o -lgcc --push-state --as-needed -lgcc_s --pop-state -lc -lgcc --push-state --as-needed -lgcc_s --pop-state /usr/lib64/gcc/x86_64-suse-linux/9/crtend.o /usr/lib64/gcc/x86_64-suse-linux/9/../../../../lib64/crtn.o
COLLECT_GCC_OPTIONS='-v' '-rdynamic' '-o' 'cmTC_34bd3' '-mtune=generic' '-march=x86-64'
gmake[1]: Leaving directory '/home/n4n0/Development/KDE-Themes/KDE-Rounded-Corners/qt5build/CMakeFiles/CMakeTmp'



Parsed C implicit include dir info from above output: rv=done
  found start of include info
  found start of implicit include info
    add: [/usr/lib64/gcc/x86_64-suse-linux/9/include]
    add: [/usr/local/include]
    add: [/usr/lib64/gcc/x86_64-suse-linux/9/include-fixed]
    add: [/usr/lib64/gcc/x86_64-suse-linux/9/../../../../x86_64-suse-linux/include]
    add: [/usr/include]
  end of search list found
  collapse include dir [/usr/lib64/gcc/x86_64-suse-linux/9/include] ==> [/usr/lib64/gcc/x86_64-suse-linux/9/include]
  collapse include dir [/usr/local/include] ==> [/usr/local/include]
  collapse include dir [/usr/lib64/gcc/x86_64-suse-linux/9/include-fixed] ==> [/usr/lib64/gcc/x86_64-suse-linux/9/include-fixed]
  collapse include dir [/usr/lib64/gcc/x86_64-suse-linux/9/../../../../x86_64-suse-linux/include] ==> [/usr/x86_64-suse-linux/include]
  collapse include dir [/usr/include] ==> [/usr/include]
  implicit include dirs: [/usr/lib64/gcc/x86_64-suse-linux/9/include;/usr/local/include;/usr/lib64/gcc/x86_64-suse-linux/9/include-fixed;/usr/x86_64-suse-linux/include;/usr/include]


Parsed C implicit link information from above output:
  link line regex: [^( *|.*[/\])(ld|CMAKE_LINK_STARTFILE-NOTFOUND|([^/\]+-)?ld|collect2)[^/\]*( |$)]
  ignore line: [Change Dir: /home/n4n0/Development/KDE-Themes/KDE-Rounded-Corners/qt5build/CMakeFiles/CMakeTmp]
  ignore line: []
  ignore line: [Run Build Command(s):/usr/bin/gmake cmTC_34bd3/fast && /usr/bin/gmake -f CMakeFiles/cmTC_34bd3.dir/build.make CMakeFiles/cmTC_34bd3.dir/build]
  ignore line: [gmake[1]: Entering directory '/home/n4n0/Development/KDE-Themes/KDE-Rounded-Corners/qt5build/CMakeFiles/CMakeTmp']
  ignore line: [Building C object CMakeFiles/cmTC_34bd3.dir/CMakeCCompilerABI.c.o]
  ignore line: [/usr/bin/cc   -v -o CMakeFiles/cmTC_34bd3.dir/CMakeCCompilerABI.c.o   -c /usr/share/cmake/Modules/CMakeCCompilerABI.c]
  ignore line: [Using built-in specs.]
  ignore line: [COLLECT_GCC=/usr/bin/cc]
  ignore line: [OFFLOAD_TARGET_NAMES=hsa:nvptx-none]
  ignore line: [Target: x86_64-suse-linux]
  ignore line: [Configured with: ../configure --prefix=/usr --infodir=/usr/share/info --mandir=/usr/share/man --libdir=/usr/lib64 --libexecdir=/usr/lib64 --enable-languages=c,c++,objc,fortran,obj-c++,ada,go,d --enable-offload-targets=hsa,nvptx-none=/usr/nvptx-none, --without-cuda-driver --disable-werror --with-gxx-include-dir=/usr/include/c++/9 --enable-ssp --disable-libssp --disable-libvtv --disable-cet --disable-libcc1 --enable-plugin --with-bugurl=https://bugs.opensuse.org/ --with-pkgversion='SUSE Linux' --with-slibdir=/lib64 --with-system-zlib --enable-libstdcxx-allocator=new --disable-libstdcxx-pch --enable-libphobos --enable-version-specific-runtime-libs --with-gcc-major-version-only --enable-linker-build-id --enable-linux-futex --enable-gnu-indirect-function --program-suffix=-9 --without-system-libunwind --enable-multilib --with-arch-32=x86-64 --with-tune=generic --with-build-config=bootstrap-lto-lean --enable-link-mutex --build=x86_64-suse-linux --host=x86_64-suse-linux]
  ignore line: [Thread model: posix]
  ignore line: [gcc version 9.2.1 20190903 [gcc-9-branch revision 275330] (SUSE Linux) ]
  ignore line: [COLLECT_GCC_OPTIONS='-v' '-o' 'CMakeFiles/cmTC_34bd3.dir/CMakeCCompilerABI.c.o' '-c' '-mtune=generic' '-march=x86-64']
  ignore line: [ /usr/lib64/gcc/x86_64-suse-linux/9/cc1 -quiet -v /usr/share/cmake/Modules/CMakeCCompilerABI.c -quiet -dumpbase CMakeCCompilerABI.c -mtune=generic -march=x86-64 -auxbase-strip CMakeFiles/cmTC_34bd3.dir/CMakeCCompilerABI.c.o -version -o /tmp/ccvem2oE.s]
  ignore line: [GNU C17 (SUSE Linux) version 9.2.1 20190903 [gcc-9-branch revision 275330] (x86_64-suse-linux)]
  ignore line: [	compiled by GNU C version 9.2.1 20190903 [gcc-9-branch revision 275330], GMP version 6.1.2, MPFR version 4.0.2, MPC version 1.1.0, isl version isl-0.20-GMP]
  ignore line: []
  ignore line: [GGC heuristics: --param ggc-min-expand=100 --param ggc-min-heapsize=131072]
  ignore line: [#include "..." search starts here:]
  ignore line: [#include <...> search starts here:]
  ignore line: [ /usr/lib64/gcc/x86_64-suse-linux/9/include]
  ignore line: [ /usr/local/include]
  ignore line: [ /usr/lib64/gcc/x86_64-suse-linux/9/include-fixed]
  ignore line: [ /usr/lib64/gcc/x86_64-suse-linux/9/../../../../x86_64-suse-linux/include]
  ignore line: [ /usr/include]
  ignore line: [End of search list.]
  ignore line: [GNU C17 (SUSE Linux) version 9.2.1 20190903 [gcc-9-branch revision 275330] (x86_64-suse-linux)]
  ignore line: [	compiled by GNU C version 9.2.1 20190903 [gcc-9-branch revision 275330], GMP version 6.1.2, MPFR version 4.0.2, MPC version 1.1.0, isl version isl-0.20-GMP]
  ignore line: []
  ignore line: [GGC heuristics: --param ggc-min-expand=100 --param ggc-min-heapsize=131072]
  ignore line: [Compiler executable checksum: 00000000000000000000000000000000]
  ignore line: [COLLECT_GCC_OPTIONS='-v' '-o' 'CMakeFiles/cmTC_34bd3.dir/CMakeCCompilerABI.c.o' '-c' '-mtune=generic' '-march=x86-64']
  ignore line: [ /usr/lib64/gcc/x86_64-suse-linux/9/../../../../x86_64-suse-linux/bin/as -v --64 -o CMakeFiles/cmTC_34bd3.dir/CMakeCCompilerABI.c.o /tmp/ccvem2oE.s]
  ignore line: [GNU assembler version 2.32.0 (x86_64-suse-linux) using BFD version (GNU Binutils]
  ignore line: [ openSUSE Tumbleweed) 2.32.0.20190909-8]
  ignore line: [COMPILER_PATH=/usr/lib64/gcc/x86_64-suse-linux/9/:/usr/lib64/gcc/x86_64-suse-linux/9/:/usr/lib64/gcc/x86_64-suse-linux/:/usr/lib64/gcc/x86_64-suse-linux/9/:/usr/lib64/gcc/x86_64-suse-linux/:/usr/lib64/gcc/x86_64-suse-linux/9/../../../../x86_64-suse-linux/bin/]
  ignore line: [LIBRARY_PATH=/usr/lib64/gcc/x86_64-suse-linux/9/:/usr/lib64/gcc/x86_64-suse-linux/9/../../../../lib64/:/lib/../lib64/:/usr/lib/../lib64/:/usr/lib64/gcc/x86_64-suse-linux/9/../../../../x86_64-suse-linux/lib/:/usr/lib64/gcc/x86_64-suse-linux/9/../../../:/lib/:/usr/lib/]
  ignore line: [COLLECT_GCC_OPTIONS='-v' '-o' 'CMakeFiles/cmTC_34bd3.dir/CMakeCCompilerABI.c.o' '-c' '-mtune=generic' '-march=x86-64']
  ignore line: [Linking C executable cmTC_34bd3]
  ignore line: [/usr/bin/cmake -E cmake_link_script CMakeFiles/cmTC_34bd3.dir/link.txt --verbose=1]
  ignore line: [/usr/bin/cc     -v -rdynamic CMakeFiles/cmTC_34bd3.dir/CMakeCCompilerABI.c.o  -o cmTC_34bd3 ]
  ignore line: [Using built-in specs.]
  ignore line: [COLLECT_GCC=/usr/bin/cc]
  ignore line: [COLLECT_LTO_WRAPPER=/usr/lib64/gcc/x86_64-suse-linux/9/lto-wrapper]
  ignore line: [OFFLOAD_TARGET_NAMES=hsa:nvptx-none]
  ignore line: [Target: x86_64-suse-linux]
  ignore line: [Configured with: ../configure --prefix=/usr --infodir=/usr/share/info --mandir=/usr/share/man --libdir=/usr/lib64 --libexecdir=/usr/lib64 --enable-languages=c,c++,objc,fortran,obj-c++,ada,go,d --enable-offload-targets=hsa,nvptx-none=/usr/nvptx-none, --without-cuda-driver --disable-werror --with-gxx-include-dir=/usr/include/c++/9 --enable-ssp --disable-libssp --disable-libvtv --disable-cet --disable-libcc1 --enable-plugin --with-bugurl=https://bugs.opensuse.org/ --with-pkgversion='SUSE Linux' --with-slibdir=/lib64 --with-system-zlib --enable-libstdcxx-allocator=new --disable-libstdcxx-pch --enable-libphobos --enable-version-specific-runtime-libs --with-gcc-major-version-only --enable-linker-build-id --enable-linux-futex --enable-gnu-indirect-function --program-suffix=-9 --without-system-libunwind --enable-multilib --with-arch-32=x86-64 --with-tune=generic --with-build-config=bootstrap-lto-lean --enable-link-mutex --build=x86_64-suse-linux --host=x86_64-suse-linux]
  ignore line: [Thread model: posix]
  ignore line: [gcc version 9.2.1 20190903 [gcc-9-branch revision 275330] (SUSE Linux) ]
  ignore line: [COMPILER_PATH=/usr/lib64/gcc/x86_64-suse-linux/9/:/usr/lib64/gcc/x86_64-suse-linux/9/:/usr/lib64/gcc/x86_64-suse-linux/:/usr/lib64/gcc/x86_64-suse-linux/9/:/usr/lib64/gcc/x86_64-suse-linux/:/usr/lib64/gcc/x86_64-suse-linux/9/../../../../x86_64-suse-linux/bin/]
  ignore line: [LIBRARY_PATH=/usr/lib64/gcc/x86_64-suse-linux/9/:/usr/lib64/gcc/x86_64-suse-linux/9/../../../../lib64/:/lib/../lib64/:/usr/lib/../lib64/:/usr/lib64/gcc/x86_64-suse-linux/9/../../../../x86_64-suse-linux/lib/:/usr/lib64/gcc/x86_64-suse-linux/9/../../../:/lib/:/usr/lib/]
  ignore line: [COLLECT_GCC_OPTIONS='-v' '-rdynamic' '-o' 'cmTC_34bd3' '-mtune=generic' '-march=x86-64']
  link line: [ /usr/lib64/gcc/x86_64-suse-linux/9/collect2 -plugin /usr/lib64/gcc/x86_64-suse-linux/9/liblto_plugin.so -plugin-opt=/usr/lib64/gcc/x86_64-suse-linux/9/lto-wrapper -plugin-opt=-fresolution=/tmp/cc99cL33.res -plugin-opt=-pass-through=-lgcc -plugin-opt=-pass-through=-lgcc_s -plugin-opt=-pass-through=-lc -plugin-opt=-pass-through=-lgcc -plugin-opt=-pass-through=-lgcc_s --build-id --eh-frame-hdr -m elf_x86_64 -export-dynamic -dynamic-linker /lib64/ld-linux-x86-64.so.2 -o cmTC_34bd3 /usr/lib64/gcc/x86_64-suse-linux/9/../../../../lib64/crt1.o /usr/lib64/gcc/x86_64-suse-linux/9/../../../../lib64/crti.o /usr/lib64/gcc/x86_64-suse-linux/9/crtbegin.o -L/usr/lib64/gcc/x86_64-suse-linux/9 -L/usr/lib64/gcc/x86_64-suse-linux/9/../../../../lib64 -L/lib/../lib64 -L/usr/lib/../lib64 -L/usr/lib64/gcc/x86_64-suse-linux/9/../../../../x86_64-suse-linux/lib -L/usr/lib64/gcc/x86_64-suse-linux/9/../../.. CMakeFiles/cmTC_34bd3.dir/CMakeCCompilerABI.c.o -lgcc --push-state --as-needed -lgcc_s --pop-state -lc -lgcc --push-state --as-needed -lgcc_s --pop-state /usr/lib64/gcc/x86_64-suse-linux/9/crtend.o /usr/lib64/gcc/x86_64-suse-linux/9/../../../../lib64/crtn.o]
    arg [/usr/lib64/gcc/x86_64-suse-linux/9/collect2] ==> ignore
    arg [-plugin] ==> ignore
    arg [/usr/lib64/gcc/x86_64-suse-linux/9/liblto_plugin.so] ==> ignore
    arg [-plugin-opt=/usr/lib64/gcc/x86_64-suse-linux/9/lto-wrapper] ==> ignore
    arg [-plugin-opt=-fresolution=/tmp/cc99cL33.res] ==> ignore
    arg [-plugin-opt=-pass-through=-lgcc] ==> ignore
    arg [-plugin-opt=-pass-through=-lgcc_s] ==> ignore
    arg [-plugin-opt=-pass-through=-lc] ==> ignore
    arg [-plugin-opt=-pass-through=-lgcc] ==> ignore
    arg [-plugin-opt=-pass-through=-lgcc_s] ==> ignore
    arg [--build-id] ==> ignore
    arg [--eh-frame-hdr] ==> ignore
    arg [-m] ==> ignore
    arg [elf_x86_64] ==> ignore
    arg [-export-dynamic] ==> ignore
    arg [-dynamic-linker] ==> ignore
    arg [/lib64/ld-linux-x86-64.so.2] ==> ignore
    arg [-o] ==> ignore
    arg [cmTC_34bd3] ==> ignore
    arg [/usr/lib64/gcc/x86_64-suse-linux/9/../../../../lib64/crt1.o] ==> ignore
    arg [/usr/lib64/gcc/x86_64-suse-linux/9/../../../../lib64/crti.o] ==> ignore
    arg [/usr/lib64/gcc/x86_64-suse-linux/9/crtbegin.o] ==> ignore
    arg [-L/usr/lib64/gcc/x86_64-suse-linux/9] ==> dir [/usr/lib64/gcc/x86_64-suse-linux/9]
    arg [-L/usr/lib64/gcc/x86_64-suse-linux/9/../../../../lib64] ==> dir [/usr/lib64/gcc/x86_64-suse-linux/9/../../../../lib64]
    arg [-L/lib/../lib64] ==> dir [/lib/../lib64]
    arg [-L/usr/lib/../lib64] ==> dir [/usr/lib/../lib64]
    arg [-L/usr/lib64/gcc/x86_64-suse-linux/9/../../../../x86_64-suse-linux/lib] ==> dir [/usr/lib64/gcc/x86_64-suse-linux/9/../../../../x86_64-suse-linux/lib]
    arg [-L/usr/lib64/gcc/x86_64-suse-linux/9/../../..] ==> dir [/usr/lib64/gcc/x86_64-suse-linux/9/../../..]
    arg [CMakeFiles/cmTC_34bd3.dir/CMakeCCompilerABI.c.o] ==> ignore
    arg [-lgcc] ==> lib [gcc]
    arg [--push-state] ==> ignore
    arg [--as-needed] ==> ignore
    arg [-lgcc_s] ==> lib [gcc_s]
    arg [--pop-state] ==> ignore
    arg [-lc] ==> lib [c]
    arg [-lgcc] ==> lib [gcc]
    arg [--push-state] ==> ignore
    arg [--as-needed] ==> ignore
    arg [-lgcc_s] ==> lib [gcc_s]
    arg [--pop-state] ==> ignore
    arg [/usr/lib64/gcc/x86_64-suse-linux/9/crtend.o] ==> ignore
    arg [/usr/lib64/gcc/x86_64-suse-linux/9/../../../../lib64/crtn.o] ==> ignore
  collapse library dir [/usr/lib64/gcc/x86_64-suse-linux/9] ==> [/usr/lib64/gcc/x86_64-suse-linux/9]
  collapse library dir [/usr/lib64/gcc/x86_64-suse-linux/9/../../../../lib64] ==> [/usr/lib64]
  collapse library dir [/lib/../lib64] ==> [/lib64]
  collapse library dir [/usr/lib/../lib64] ==> [/usr/lib64]
  collapse library dir [/usr/lib64/gcc/x86_64-suse-linux/9/../../../../x86_64-suse-linux/lib] ==> [/usr/x86_64-suse-linux/lib]
  collapse library dir [/usr/lib64/gcc/x86_64-suse-linux/9/../../..] ==> [/usr/lib64]
  implicit libs: [gcc;gcc_s;c;gcc;gcc_s]
  implicit dirs: [/usr/lib64/gcc/x86_64-suse-linux/9;/usr/lib64;/lib64;/usr/x86_64-suse-linux/lib]
  implicit fwks: []


Determining if the CXX compiler works passed with the following output:
Change Dir: /home/n4n0/Development/KDE-Themes/KDE-Rounded-Corners/qt5build/CMakeFiles/CMakeTmp

Run Build Command(s):/usr/bin/gmake cmTC_3a1f2/fast && /usr/bin/gmake -f CMakeFiles/cmTC_3a1f2.dir/build.make CMakeFiles/cmTC_3a1f2.dir/build
gmake[1]: Verzeichnis „/home/n4n0/Development/KDE-Themes/KDE-Rounded-Corners/qt5build/CMakeFiles/CMakeTmp“ wird betreten
Building CXX object CMakeFiles/cmTC_3a1f2.dir/testCXXCompiler.cxx.o
/usr/bin/c++     -o CMakeFiles/cmTC_3a1f2.dir/testCXXCompiler.cxx.o -c /home/n4n0/Development/KDE-Themes/KDE-Rounded-Corners/qt5build/CMakeFiles/CMakeTmp/testCXXCompiler.cxx
Linking CXX executable cmTC_3a1f2
/usr/bin/cmake -E cmake_link_script CMakeFiles/cmTC_3a1f2.dir/link.txt --verbose=1
/usr/bin/c++       -rdynamic CMakeFiles/cmTC_3a1f2.dir/testCXXCompiler.cxx.o  -o cmTC_3a1f2 
gmake[1]: Verzeichnis „/home/n4n0/Development/KDE-Themes/KDE-Rounded-Corners/qt5build/CMakeFiles/CMakeTmp“ wird verlassen



Detecting CXX compiler ABI info compiled with the following output:
Change Dir: /home/n4n0/Development/KDE-Themes/KDE-Rounded-Corners/qt5build/CMakeFiles/CMakeTmp

Run Build Command(s):/usr/bin/gmake cmTC_5aedd/fast && /usr/bin/gmake -f CMakeFiles/cmTC_5aedd.dir/build.make CMakeFiles/cmTC_5aedd.dir/build
gmake[1]: Entering directory '/home/n4n0/Development/KDE-Themes/KDE-Rounded-Corners/qt5build/CMakeFiles/CMakeTmp'
Building CXX object CMakeFiles/cmTC_5aedd.dir/CMakeCXXCompilerABI.cpp.o
/usr/bin/c++    -v -o CMakeFiles/cmTC_5aedd.dir/CMakeCXXCompilerABI.cpp.o -c /usr/share/cmake/Modules/CMakeCXXCompilerABI.cpp
Using built-in specs.
COLLECT_GCC=/usr/bin/c++
OFFLOAD_TARGET_NAMES=hsa:nvptx-none
Target: x86_64-suse-linux
Configured with: ../configure --prefix=/usr --infodir=/usr/share/info --mandir=/usr/share/man --libdir=/usr/lib64 --libexecdir=/usr/lib64 --enable-languages=c,c++,objc,fortran,obj-c++,ada,go,d --enable-offload-targets=hsa,nvptx-none=/usr/nvptx-none, --without-cuda-driver --disable-werror --with-gxx-include-dir=/usr/include/c++/9 --enable-ssp --disable-libssp --disable-libvtv --disable-cet --disable-libcc1 --enable-plugin --with-bugurl=https://bugs.opensuse.org/ --with-pkgversion='SUSE Linux' --with-slibdir=/lib64 --with-system-zlib --enable-libstdcxx-allocator=new --disable-libstdcxx-pch --enable-libphobos --enable-version-specific-runtime-libs --with-gcc-major-version-only --enable-linker-build-id --enable-linux-futex --enable-gnu-indirect-function --program-suffix=-9 --without-system-libunwind --enable-multilib --with-arch-32=x86-64 --with-tune=generic --with-build-config=bootstrap-lto-lean --enable-link-mutex --build=x86_64-suse-linux --host=x86_64-suse-linux
Thread model: posix
gcc version 9.2.1 20190903 [gcc-9-branch revision 275330] (SUSE Linux) 
COLLECT_GCC_OPTIONS='-v' '-o' 'CMakeFiles/cmTC_5aedd.dir/CMakeCXXCompilerABI.cpp.o' '-c' '-shared-libgcc' '-mtune=generic' '-march=x86-64'
 /usr/lib64/gcc/x86_64-suse-linux/9/cc1plus -quiet -v -D_GNU_SOURCE /usr/share/cmake/Modules/CMakeCXXCompilerABI.cpp -quiet -dumpbase CMakeCXXCompilerABI.cpp -mtune=generic -march=x86-64 -auxbase-strip CMakeFiles/cmTC_5aedd.dir/CMakeCXXCompilerABI.cpp.o -version -o /tmp/ccXSa91j.s
GNU C++14 (SUSE Linux) version 9.2.1 20190903 [gcc-9-branch revision 275330] (x86_64-suse-linux)
	compiled by GNU C version 9.2.1 20190903 [gcc-9-branch revision 275330], GMP version 6.1.2, MPFR version 4.0.2, MPC version 1.1.0, isl version isl-0.20-GMP

GGC heuristics: --param ggc-min-expand=100 --param ggc-min-heapsize=131072
#include "..." search starts here:
#include <...> search starts here:
 /usr/include/c++/9
 /usr/include/c++/9/x86_64-suse-linux
 /usr/include/c++/9/backward
 /usr/lib64/gcc/x86_64-suse-linux/9/include
 /usr/local/include
 /usr/lib64/gcc/x86_64-suse-linux/9/include-fixed
 /usr/lib64/gcc/x86_64-suse-linux/9/../../../../x86_64-suse-linux/include
 /usr/include
End of search list.
GNU C++14 (SUSE Linux) version 9.2.1 20190903 [gcc-9-branch revision 275330] (x86_64-suse-linux)
	compiled by GNU C version 9.2.1 20190903 [gcc-9-branch revision 275330], GMP version 6.1.2, MPFR version 4.0.2, MPC version 1.1.0, isl version isl-0.20-GMP

GGC heuristics: --param ggc-min-expand=100 --param ggc-min-heapsize=131072
Compiler executable checksum: 00000000000000000000000000000000
COLLECT_GCC_OPTIONS='-v' '-o' 'CMakeFiles/cmTC_5aedd.dir/CMakeCXXCompilerABI.cpp.o' '-c' '-shared-libgcc' '-mtune=generic' '-march=x86-64'
 /usr/lib64/gcc/x86_64-suse-linux/9/../../../../x86_64-suse-linux/bin/as -v --64 -o CMakeFiles/cmTC_5aedd.dir/CMakeCXXCompilerABI.cpp.o /tmp/ccXSa91j.s
GNU assembler version 2.32.0 (x86_64-suse-linux) using BFD version (GNU Binutils; openSUSE Tumbleweed) 2.32.0.20190909-8
COMPILER_PATH=/usr/lib64/gcc/x86_64-suse-linux/9/:/usr/lib64/gcc/x86_64-suse-linux/9/:/usr/lib64/gcc/x86_64-suse-linux/:/usr/lib64/gcc/x86_64-suse-linux/9/:/usr/lib64/gcc/x86_64-suse-linux/:/usr/lib64/gcc/x86_64-suse-linux/9/../../../../x86_64-suse-linux/bin/
LIBRARY_PATH=/usr/lib64/gcc/x86_64-suse-linux/9/:/usr/lib64/gcc/x86_64-suse-linux/9/../../../../lib64/:/lib/../lib64/:/usr/lib/../lib64/:/usr/lib64/gcc/x86_64-suse-linux/9/../../../../x86_64-suse-linux/lib/:/usr/lib64/gcc/x86_64-suse-linux/9/../../../:/lib/:/usr/lib/
COLLECT_GCC_OPTIONS='-v' '-o' 'CMakeFiles/cmTC_5aedd.dir/CMakeCXXCompilerABI.cpp.o' '-c' '-shared-libgcc' '-mtune=generic' '-march=x86-64'
Linking CXX executable cmTC_5aedd
/usr/bin/cmake -E cmake_link_script CMakeFiles/cmTC_5aedd.dir/link.txt --verbose=1
/usr/bin/c++      -v -rdynamic CMakeFiles/cmTC_5aedd.dir/CMakeCXXCompilerABI.cpp.o  -o cmTC_5aedd 
Using built-in specs.
COLLECT_GCC=/usr/bin/c++
COLLECT_LTO_WRAPPER=/usr/lib64/gcc/x86_64-suse-linux/9/lto-wrapper
OFFLOAD_TARGET_NAMES=hsa:nvptx-none
Target: x86_64-suse-linux
Configured with: ../configure --prefix=/usr --infodir=/usr/share/info --mandir=/usr/share/man --libdir=/usr/lib64 --libexecdir=/usr/lib64 --enable-languages=c,c++,objc,fortran,obj-c++,ada,go,d --enable-offload-targets=hsa,nvptx-none=/usr/nvptx-none, --without-cuda-driver --disable-werror --with-gxx-include-dir=/usr/include/c++/9 --enable-ssp --disable-libssp --disable-libvtv --disable-cet --disable-libcc1 --enable-plugin --with-bugurl=https://bugs.opensuse.org/ --with-pkgversion='SUSE Linux' --with-slibdir=/lib64 --with-system-zlib --enable-libstdcxx-allocator=new --disable-libstdcxx-pch --enable-libphobos --enable-version-specific-runtime-libs --with-gcc-major-version-only --enable-linker-build-id --enable-linux-futex --enable-gnu-indirect-function --program-suffix=-9 --without-system-libunwind --enable-multilib --with-arch-32=x86-64 --with-tune=generic --with-build-config=bootstrap-lto-lean --enable-link-mutex --build=x86_64-suse-linux --host=x86_64-suse-linux
Thread model: posix
gcc version 9.2.1 20190903 [gcc-9-branch revision 275330] (SUSE Linux) 
COMPILER_PATH=/usr/lib64/gcc/x86_64-suse-linux/9/:/usr/lib64/gcc/x86_64-suse-linux/9/:/usr/lib64/gcc/x86_64-suse-linux/:/usr/lib64/gcc/x86_64-suse-linux/9/:/usr/lib64/gcc/x86_64-suse-linux/:/usr/lib64/gcc/x86_64-suse-linux/9/../../../../x86_64-suse-linux/bin/
LIBRARY_PATH=/usr/lib64/gcc/x86_64-suse-linux/9/:/usr/lib64/gcc/x86_64-suse-linux/9/../../../../lib64/:/lib/../lib64/:/usr/lib/../lib64/:/usr/lib64/gcc/x86_64-suse-linux/9/../../../../x86_64-suse-linux/lib/:/usr/lib64/gcc/x86_64-suse-linux/9/../../../:/lib/:/usr/lib/
COLLECT_GCC_OPTIONS='-v' '-rdynamic' '-o' 'cmTC_5aedd' '-shared-libgcc' '-mtune=generic' '-march=x86-64'
 /usr/lib64/gcc/x86_64-suse-linux/9/collect2 -plugin /usr/lib64/gcc/x86_64-suse-linux/9/liblto_plugin.so -plugin-opt=/usr/lib64/gcc/x86_64-suse-linux/9/lto-wrapper -plugin-opt=-fresolution=/tmp/ccqFap6I.res -plugin-opt=-pass-through=-lgcc_s -plugin-opt=-pass-through=-lgcc -plugin-opt=-pass-through=-lc -plugin-opt=-pass-through=-lgcc_s -plugin-opt=-pass-through=-lgcc --build-id --eh-frame-hdr -m elf_x86_64 -export-dynamic -dynamic-linker /lib64/ld-linux-x86-64.so.2 -o cmTC_5aedd /usr/lib64/gcc/x86_64-suse-linux/9/../../../../lib64/crt1.o /usr/lib64/gcc/x86_64-suse-linux/9/../../../../lib64/crti.o /usr/lib64/gcc/x86_64-suse-linux/9/crtbegin.o -L/usr/lib64/gcc/x86_64-suse-linux/9 -L/usr/lib64/gcc/x86_64-suse-linux/9/../../../../lib64 -L/lib/../lib64 -L/usr/lib/../lib64 -L/usr/lib64/gcc/x86_64-suse-linux/9/../../../../x86_64-suse-linux/lib -L/usr/lib64/gcc/x86_64-suse-linux/9/../../.. CMakeFiles/cmTC_5aedd.dir/CMakeCXXCompilerABI.cpp.o -lstdc++ -lm -lgcc_s -lgcc -lc -lgcc_s -lgcc /usr/lib64/gcc/x86_64-suse-linux/9/crtend.o /usr/lib64/gcc/x86_64-suse-linux/9/../../../../lib64/crtn.o
COLLECT_GCC_OPTIONS='-v' '-rdynamic' '-o' 'cmTC_5aedd' '-shared-libgcc' '-mtune=generic' '-march=x86-64'
gmake[1]: Leaving directory '/home/n4n0/Development/KDE-Themes/KDE-Rounded-Corners/qt5build/CMakeFiles/CMakeTmp'



Parsed CXX implicit include dir info from above output: rv=done
  found start of include info
  found start of implicit include info
    add: [/usr/include/c++/9]
    add: [/usr/include/c++/9/x86_64-suse-linux]
    add: [/usr/include/c++/9/backward]
    add: [/usr/lib64/gcc/x86_64-suse-linux/9/include]
    add: [/usr/local/include]
    add: [/usr/lib64/gcc/x86_64-suse-linux/9/include-fixed]
    add: [/usr/lib64/gcc/x86_64-suse-linux/9/../../../../x86_64-suse-linux/include]
    add: [/usr/include]
  end of search list found
  collapse include dir [/usr/include/c++/9] ==> [/usr/include/c++/9]
  collapse include dir [/usr/include/c++/9/x86_64-suse-linux] ==> [/usr/include/c++/9/x86_64-suse-linux]
  collapse include dir [/usr/include/c++/9/backward] ==> [/usr/include/c++/9/backward]
  collapse include dir [/usr/lib64/gcc/x86_64-suse-linux/9/include] ==> [/usr/lib64/gcc/x86_64-suse-linux/9/include]
  collapse include dir [/usr/local/include] ==> [/usr/local/include]
  collapse include dir [/usr/lib64/gcc/x86_64-suse-linux/9/include-fixed] ==> [/usr/lib64/gcc/x86_64-suse-linux/9/include-fixed]
  collapse include dir [/usr/lib64/gcc/x86_64-suse-linux/9/../../../../x86_64-suse-linux/include] ==> [/usr/x86_64-suse-linux/include]
  collapse include dir [/usr/include] ==> [/usr/include]
  implicit include dirs: [/usr/include/c++/9;/usr/include/c++/9/x86_64-suse-linux;/usr/include/c++/9/backward;/usr/lib64/gcc/x86_64-suse-linux/9/include;/usr/local/include;/usr/lib64/gcc/x86_64-suse-linux/9/include-fixed;/usr/x86_64-suse-linux/include;/usr/include]


Parsed CXX implicit link information from above output:
  link line regex: [^( *|.*[/\])(ld|CMAKE_LINK_STARTFILE-NOTFOUND|([^/\]+-)?ld|collect2)[^/\]*( |$)]
  ignore line: [Change Dir: /home/n4n0/Development/KDE-Themes/KDE-Rounded-Corners/qt5build/CMakeFiles/CMakeTmp]
  ignore line: []
  ignore line: [Run Build Command(s):/usr/bin/gmake cmTC_5aedd/fast && /usr/bin/gmake -f CMakeFiles/cmTC_5aedd.dir/build.make CMakeFiles/cmTC_5aedd.dir/build]
  ignore line: [gmake[1]: Entering directory '/home/n4n0/Development/KDE-Themes/KDE-Rounded-Corners/qt5build/CMakeFiles/CMakeTmp']
  ignore line: [Building CXX object CMakeFiles/cmTC_5aedd.dir/CMakeCXXCompilerABI.cpp.o]
  ignore line: [/usr/bin/c++    -v -o CMakeFiles/cmTC_5aedd.dir/CMakeCXXCompilerABI.cpp.o -c /usr/share/cmake/Modules/CMakeCXXCompilerABI.cpp]
  ignore line: [Using built-in specs.]
  ignore line: [COLLECT_GCC=/usr/bin/c++]
  ignore line: [OFFLOAD_TARGET_NAMES=hsa:nvptx-none]
  ignore line: [Target: x86_64-suse-linux]
  ignore line: [Configured with: ../configure --prefix=/usr --infodir=/usr/share/info --mandir=/usr/share/man --libdir=/usr/lib64 --libexecdir=/usr/lib64 --enable-languages=c,c++,objc,fortran,obj-c++,ada,go,d --enable-offload-targets=hsa,nvptx-none=/usr/nvptx-none, --without-cuda-driver --disable-werror --with-gxx-include-dir=/usr/include/c++/9 --enable-ssp --disable-libssp --disable-libvtv --disable-cet --disable-libcc1 --enable-plugin --with-bugurl=https://bugs.opensuse.org/ --with-pkgversion='SUSE Linux' --with-slibdir=/lib64 --with-system-zlib --enable-libstdcxx-allocator=new --disable-libstdcxx-pch --enable-libphobos --enable-version-specific-runtime-libs --with-gcc-major-version-only --enable-linker-build-id --enable-linux-futex --enable-gnu-indirect-function --program-suffix=-9 --without-system-libunwind --enable-multilib --with-arch-32=x86-64 --with-tune=generic --with-build-config=bootstrap-lto-lean --enable-link-mutex --build=x86_64-suse-linux --host=x86_64-suse-linux]
  ignore line: [Thread model: posix]
  ignore line: [gcc version 9.2.1 20190903 [gcc-9-branch revision 275330] (SUSE Linux) ]
  ignore line: [COLLECT_GCC_OPTIONS='-v' '-o' 'CMakeFiles/cmTC_5aedd.dir/CMakeCXXCompilerABI.cpp.o' '-c' '-shared-libgcc' '-mtune=generic' '-march=x86-64']
  ignore line: [ /usr/lib64/gcc/x86_64-suse-linux/9/cc1plus -quiet -v -D_GNU_SOURCE /usr/share/cmake/Modules/CMakeCXXCompilerABI.cpp -quiet -dumpbase CMakeCXXCompilerABI.cpp -mtune=generic -march=x86-64 -auxbase-strip CMakeFiles/cmTC_5aedd.dir/CMakeCXXCompilerABI.cpp.o -version -o /tmp/ccXSa91j.s]
  ignore line: [GNU C++14 (SUSE Linux) version 9.2.1 20190903 [gcc-9-branch revision 275330] (x86_64-suse-linux)]
  ignore line: [	compiled by GNU C version 9.2.1 20190903 [gcc-9-branch revision 275330], GMP version 6.1.2, MPFR version 4.0.2, MPC version 1.1.0, isl version isl-0.20-GMP]
  ignore line: []
  ignore line: [GGC heuristics: --param ggc-min-expand=100 --param ggc-min-heapsize=131072]
  ignore line: [#include "..." search starts here:]
  ignore line: [#include <...> search starts here:]
  ignore line: [ /usr/include/c++/9]
  ignore line: [ /usr/include/c++/9/x86_64-suse-linux]
  ignore line: [ /usr/include/c++/9/backward]
  ignore line: [ /usr/lib64/gcc/x86_64-suse-linux/9/include]
  ignore line: [ /usr/local/include]
  ignore line: [ /usr/lib64/gcc/x86_64-suse-linux/9/include-fixed]
  ignore line: [ /usr/lib64/gcc/x86_64-suse-linux/9/../../../../x86_64-suse-linux/include]
  ignore line: [ /usr/include]
  ignore line: [End of search list.]
  ignore line: [GNU C++14 (SUSE Linux) version 9.2.1 20190903 [gcc-9-branch revision 275330] (x86_64-suse-linux)]
  ignore line: [	compiled by GNU C version 9.2.1 20190903 [gcc-9-branch revision 275330], GMP version 6.1.2, MPFR version 4.0.2, MPC version 1.1.0, isl version isl-0.20-GMP]
  ignore line: []
  ignore line: [GGC heuristics: --param ggc-min-expand=100 --param ggc-min-heapsize=131072]
  ignore line: [Compiler executable checksum: 00000000000000000000000000000000]
  ignore line: [COLLECT_GCC_OPTIONS='-v' '-o' 'CMakeFiles/cmTC_5aedd.dir/CMakeCXXCompilerABI.cpp.o' '-c' '-shared-libgcc' '-mtune=generic' '-march=x86-64']
  ignore line: [ /usr/lib64/gcc/x86_64-suse-linux/9/../../../../x86_64-suse-linux/bin/as -v --64 -o CMakeFiles/cmTC_5aedd.dir/CMakeCXXCompilerABI.cpp.o /tmp/ccXSa91j.s]
  ignore line: [GNU assembler version 2.32.0 (x86_64-suse-linux) using BFD version (GNU Binutils]
  ignore line: [ openSUSE Tumbleweed) 2.32.0.20190909-8]
  ignore line: [COMPILER_PATH=/usr/lib64/gcc/x86_64-suse-linux/9/:/usr/lib64/gcc/x86_64-suse-linux/9/:/usr/lib64/gcc/x86_64-suse-linux/:/usr/lib64/gcc/x86_64-suse-linux/9/:/usr/lib64/gcc/x86_64-suse-linux/:/usr/lib64/gcc/x86_64-suse-linux/9/../../../../x86_64-suse-linux/bin/]
  ignore line: [LIBRARY_PATH=/usr/lib64/gcc/x86_64-suse-linux/9/:/usr/lib64/gcc/x86_64-suse-linux/9/../../../../lib64/:/lib/../lib64/:/usr/lib/../lib64/:/usr/lib64/gcc/x86_64-suse-linux/9/../../../../x86_64-suse-linux/lib/:/usr/lib64/gcc/x86_64-suse-linux/9/../../../:/lib/:/usr/lib/]
  ignore line: [COLLECT_GCC_OPTIONS='-v' '-o' 'CMakeFiles/cmTC_5aedd.dir/CMakeCXXCompilerABI.cpp.o' '-c' '-shared-libgcc' '-mtune=generic' '-march=x86-64']
  ignore line: [Linking CXX executable cmTC_5aedd]
  ignore line: [/usr/bin/cmake -E cmake_link_script CMakeFiles/cmTC_5aedd.dir/link.txt --verbose=1]
  ignore line: [/usr/bin/c++      -v -rdynamic CMakeFiles/cmTC_5aedd.dir/CMakeCXXCompilerABI.cpp.o  -o cmTC_5aedd ]
  ignore line: [Using built-in specs.]
  ignore line: [COLLECT_GCC=/usr/bin/c++]
  ignore line: [COLLECT_LTO_WRAPPER=/usr/lib64/gcc/x86_64-suse-linux/9/lto-wrapper]
  ignore line: [OFFLOAD_TARGET_NAMES=hsa:nvptx-none]
  ignore line: [Target: x86_64-suse-linux]
  ignore line: [Configured with: ../configure --prefix=/usr --infodir=/usr/share/info --mandir=/usr/share/man --libdir=/usr/lib64 --libexecdir=/usr/lib64 --enable-languages=c,c++,objc,fortran,obj-c++,ada,go,d --enable-offload-targets=hsa,nvptx-none=/usr/nvptx-none, --without-cuda-driver --disable-werror --with-gxx-include-dir=/usr/include/c++/9 --enable-ssp --disable-libssp --disable-libvtv --disable-cet --disable-libcc1 --enable-plugin --with-bugurl=https://bugs.opensuse.org/ --with-pkgversion='SUSE Linux' --with-slibdir=/lib64 --with-system-zlib --enable-libstdcxx-allocator=new --disable-libstdcxx-pch --enable-libphobos --enable-version-specific-runtime-libs --with-gcc-major-version-only --enable-linker-build-id --enable-linux-futex --enable-gnu-indirect-function --program-suffix=-9 --without-system-libunwind --enable-multilib --with-arch-32=x86-64 --with-tune=generic --with-build-config=bootstrap-lto-lean --enable-link-mutex --build=x86_64-suse-linux --host=x86_64-suse-linux]
  ignore line: [Thread model: posix]
  ignore line: [gcc version 9.2.1 20190903 [gcc-9-branch revision 275330] (SUSE Linux) ]
  ignore line: [COMPILER_PATH=/usr/lib64/gcc/x86_64-suse-linux/9/:/usr/lib64/gcc/x86_64-suse-linux/9/:/usr/lib64/gcc/x86_64-suse-linux/:/usr/lib64/gcc/x86_64-suse-linux/9/:/usr/lib64/gcc/x86_64-suse-linux/:/usr/lib64/gcc/x86_64-suse-linux/9/../../../../x86_64-suse-linux/bin/]
  ignore line: [LIBRARY_PATH=/usr/lib64/gcc/x86_64-suse-linux/9/:/usr/lib64/gcc/x86_64-suse-linux/9/../../../../lib64/:/lib/../lib64/:/usr/lib/../lib64/:/usr/lib64/gcc/x86_64-suse-linux/9/../../../../x86_64-suse-linux/lib/:/usr/lib64/gcc/x86_64-suse-linux/9/../../../:/lib/:/usr/lib/]
  ignore line: [COLLECT_GCC_OPTIONS='-v' '-rdynamic' '-o' 'cmTC_5aedd' '-shared-libgcc' '-mtune=generic' '-march=x86-64']
  link line: [ /usr/lib64/gcc/x86_64-suse-linux/9/collect2 -plugin /usr/lib64/gcc/x86_64-suse-linux/9/liblto_plugin.so -plugin-opt=/usr/lib64/gcc/x86_64-suse-linux/9/lto-wrapper -plugin-opt=-fresolution=/tmp/ccqFap6I.res -plugin-opt=-pass-through=-lgcc_s -plugin-opt=-pass-through=-lgcc -plugin-opt=-pass-through=-lc -plugin-opt=-pass-through=-lgcc_s -plugin-opt=-pass-through=-lgcc --build-id --eh-frame-hdr -m elf_x86_64 -export-dynamic -dynamic-linker /lib64/ld-linux-x86-64.so.2 -o cmTC_5aedd /usr/lib64/gcc/x86_64-suse-linux/9/../../../../lib64/crt1.o /usr/lib64/gcc/x86_64-suse-linux/9/../../../../lib64/crti.o /usr/lib64/gcc/x86_64-suse-linux/9/crtbegin.o -L/usr/lib64/gcc/x86_64-suse-linux/9 -L/usr/lib64/gcc/x86_64-suse-linux/9/../../../../lib64 -L/lib/../lib64 -L/usr/lib/../lib64 -L/usr/lib64/gcc/x86_64-suse-linux/9/../../../../x86_64-suse-linux/lib -L/usr/lib64/gcc/x86_64-suse-linux/9/../../.. CMakeFiles/cmTC_5aedd.dir/CMakeCXXCompilerABI.cpp.o -lstdc++ -lm -lgcc_s -lgcc -lc -lgcc_s -lgcc /usr/lib64/gcc/x86_64-suse-linux/9/crtend.o /usr/lib64/gcc/x86_64-suse-linux/9/../../../../lib64/crtn.o]
    arg [/usr/lib64/gcc/x86_64-suse-linux/9/collect2] ==> ignore
    arg [-plugin] ==> ignore
    arg [/usr/lib64/gcc/x86_64-suse-linux/9/liblto_plugin.so] ==> ignore
    arg [-plugin-opt=/usr/lib64/gcc/x86_64-suse-linux/9/lto-wrapper] ==> ignore
    arg [-plugin-opt=-fresolution=/tmp/ccqFap6I.res] ==> ignore
    arg [-plugin-opt=-pass-through=-lgcc_s] ==> ignore
    arg [-plugin-opt=-pass-through=-lgcc] ==> ignore
    arg [-plugin-opt=-pass-through=-lc] ==> ignore
    arg [-plugin-opt=-pass-through=-lgcc_s] ==> ignore
    arg [-plugin-opt=-pass-through=-lgcc] ==> ignore
    arg [--build-id] ==> ignore
    arg [--eh-frame-hdr] ==> ignore
    arg [-m] ==> ignore
    arg [elf_x86_64] ==> ignore
    arg [-export-dynamic] ==> ignore
    arg [-dynamic-linker] ==> ignore
    arg [/lib64/ld-linux-x86-64.so.2] ==> ignore
    arg [-o] ==> ignore
    arg [cmTC_5aedd] ==> ignore
    arg [/usr/lib64/gcc/x86_64-suse-linux/9/../../../../lib64/crt1.o] ==> ignore
    arg [/usr/lib64/gcc/x86_64-suse-linux/9/../../../../lib64/crti.o] ==> ignore
    arg [/usr/lib64/gcc/x86_64-suse-linux/9/crtbegin.o] ==> ignore
    arg [-L/usr/lib64/gcc/x86_64-suse-linux/9] ==> dir [/usr/lib64/gcc/x86_64-suse-linux/9]
    arg [-L/usr/lib64/gcc/x86_64-suse-linux/9/../../../../lib64] ==> dir [/usr/lib64/gcc/x86_64-suse-linux/9/../../../../lib64]
    arg [-L/lib/../lib64] ==> dir [/lib/../lib64]
    arg [-L/usr/lib/../lib64] ==> dir [/usr/lib/../lib64]
    arg [-L/usr/lib64/gcc/x86_64-suse-linux/9/../../../../x86_64-suse-linux/lib] ==> dir [/usr/lib64/gcc/x86_64-suse-linux/9/../../../../x86_64-suse-linux/lib]
    arg [-L/usr/lib64/gcc/x86_64-suse-linux/9/../../..] ==> dir [/usr/lib64/gcc/x86_64-suse-linux/9/../../..]
    arg [CMakeFiles/cmTC_5aedd.dir/CMakeCXXCompilerABI.cpp.o] ==> ignore
    arg [-lstdc++] ==> lib [stdc++]
    arg [-lm] ==> lib [m]
    arg [-lgcc_s] ==> lib [gcc_s]
    arg [-lgcc] ==> lib [gcc]
    arg [-lc] ==> lib [c]
    arg [-lgcc_s] ==> lib [gcc_s]
    arg [-lgcc] ==> lib [gcc]
    arg [/usr/lib64/gcc/x86_64-suse-linux/9/crtend.o] ==> ignore
    arg [/usr/lib64/gcc/x86_64-suse-linux/9/../../../../lib64/crtn.o] ==> ignore
  collapse library dir [/usr/lib64/gcc/x86_64-suse-linux/9] ==> [/usr/lib64/gcc/x86_64-suse-linux/9]
  collapse library dir [/usr/lib64/gcc/x86_64-suse-linux/9/../../../../lib64] ==> [/usr/lib64]
  collapse library dir [/lib/../lib64] ==> [/lib64]
  collapse library dir [/usr/lib/../lib64] ==> [/usr/lib64]
  collapse library dir [/usr/lib64/gcc/x86_64-suse-linux/9/../../../../x86_64-suse-linux/lib] ==> [/usr/x86_64-suse-linux/lib]
  collapse library dir [/usr/lib64/gcc/x86_64-suse-linux/9/../../..] ==> [/usr/lib64]
  implicit libs: [stdc++;m;gcc_s;gcc;c;gcc_s;gcc]
  implicit dirs: [/usr/lib64/gcc/x86_64-suse-linux/9;/usr/lib64;/lib64;/usr/x86_64-suse-linux/lib]
  implicit fwks: []


Determining if the include file pthread.h exists passed with the following output:
Change Dir: /home/n4n0/Development/KDE-Themes/KDE-Rounded-Corners/qt5build/CMakeFiles/CMakeTmp

Run Build Command(s):/usr/bin/gmake cmTC_d5874/fast && /usr/bin/gmake -f CMakeFiles/cmTC_d5874.dir/build.make CMakeFiles/cmTC_d5874.dir/build
gmake[1]: Verzeichnis „/home/n4n0/Development/KDE-Themes/KDE-Rounded-Corners/qt5build/CMakeFiles/CMakeTmp“ wird betreten
Building C object CMakeFiles/cmTC_d5874.dir/CheckIncludeFile.c.o
/usr/bin/cc    -o CMakeFiles/cmTC_d5874.dir/CheckIncludeFile.c.o   -c /home/n4n0/Development/KDE-Themes/KDE-Rounded-Corners/qt5build/CMakeFiles/CMakeTmp/CheckIncludeFile.c
Linking C executable cmTC_d5874
/usr/bin/cmake -E cmake_link_script CMakeFiles/cmTC_d5874.dir/link.txt --verbose=1
/usr/bin/cc      -rdynamic CMakeFiles/cmTC_d5874.dir/CheckIncludeFile.c.o  -o cmTC_d5874 
gmake[1]: Verzeichnis „/home/n4n0/Development/KDE-Themes/KDE-Rounded-Corners/qt5build/CMakeFiles/CMakeTmp“ wird verlassen



Determining if the function pthread_create exists in the pthread passed with the following output:
Change Dir: /home/n4n0/Development/KDE-Themes/KDE-Rounded-Corners/qt5build/CMakeFiles/CMakeTmp

Run Build Command(s):/usr/bin/gmake cmTC_a15fa/fast && /usr/bin/gmake -f CMakeFiles/cmTC_a15fa.dir/build.make CMakeFiles/cmTC_a15fa.dir/build
gmake[1]: Verzeichnis „/home/n4n0/Development/KDE-Themes/KDE-Rounded-Corners/qt5build/CMakeFiles/CMakeTmp“ wird betreten
Building C object CMakeFiles/cmTC_a15fa.dir/CheckFunctionExists.c.o
/usr/bin/cc   -DCHECK_FUNCTION_EXISTS=pthread_create   -o CMakeFiles/cmTC_a15fa.dir/CheckFunctionExists.c.o   -c /usr/share/cmake/Modules/CheckFunctionExists.c
Linking C executable cmTC_a15fa
/usr/bin/cmake -E cmake_link_script CMakeFiles/cmTC_a15fa.dir/link.txt --verbose=1
/usr/bin/cc  -DCHECK_FUNCTION_EXISTS=pthread_create    -rdynamic CMakeFiles/cmTC_a15fa.dir/CheckFunctionExists.c.o  -o cmTC_a15fa -lpthread 
gmake[1]: Verzeichnis „/home/n4n0/Development/KDE-Themes/KDE-Rounded-Corners/qt5build/CMakeFiles/CMakeTmp“ wird verlassen



Determining if the __GLIBC__ exist passed with the following output:
Change Dir: /home/n4n0/Development/KDE-Themes/KDE-Rounded-Corners/qt5build/CMakeFiles/CMakeTmp

Run Build Command(s):/usr/bin/gmake cmTC_936ad/fast && /usr/bin/gmake -f CMakeFiles/cmTC_936ad.dir/build.make CMakeFiles/cmTC_936ad.dir/build
gmake[1]: Verzeichnis „/home/n4n0/Development/KDE-Themes/KDE-Rounded-Corners/qt5build/CMakeFiles/CMakeTmp“ wird betreten
Building C object CMakeFiles/cmTC_936ad.dir/CheckSymbolExists.c.o
/usr/bin/cc    -o CMakeFiles/cmTC_936ad.dir/CheckSymbolExists.c.o   -c /home/n4n0/Development/KDE-Themes/KDE-Rounded-Corners/qt5build/CMakeFiles/CMakeTmp/CheckSymbolExists.c
Linking C executable cmTC_936ad
/usr/bin/cmake -E cmake_link_script CMakeFiles/cmTC_936ad.dir/link.txt --verbose=1
/usr/bin/cc      -rdynamic CMakeFiles/cmTC_936ad.dir/CheckSymbolExists.c.o  -o cmTC_936ad 
gmake[1]: Verzeichnis „/home/n4n0/Development/KDE-Themes/KDE-Rounded-Corners/qt5build/CMakeFiles/CMakeTmp“ wird verlassen


File /home/n4n0/Development/KDE-Themes/KDE-Rounded-Corners/qt5build/CMakeFiles/CMakeTmp/CheckSymbolExists.c:
/* */
#include <stdlib.h>

int main(int argc, char** argv)
{
  (void)argv;
#ifndef __GLIBC__
  return ((int*)(&__GLIBC__))[argc];
#else
  (void)argc;
  return 0;
#endif
}

Performing C++ SOURCE FILE Test _OFFT_IS_64BIT succeeded with the following output:
Change Dir: /home/n4n0/Development/KDE-Themes/KDE-Rounded-Corners/qt5build/CMakeFiles/CMakeTmp

Run Build Command(s):/usr/bin/gmake cmTC_f14a0/fast && /usr/bin/gmake -f CMakeFiles/cmTC_f14a0.dir/build.make CMakeFiles/cmTC_f14a0.dir/build
gmake[1]: Verzeichnis „/home/n4n0/Development/KDE-Themes/KDE-Rounded-Corners/qt5build/CMakeFiles/CMakeTmp“ wird betreten
Building CXX object CMakeFiles/cmTC_f14a0.dir/src.cxx.o
/usr/bin/c++  -D_GNU_SOURCE -D_LARGEFILE64_SOURCE  -D_OFFT_IS_64BIT   -o CMakeFiles/cmTC_f14a0.dir/src.cxx.o -c /home/n4n0/Development/KDE-Themes/KDE-Rounded-Corners/qt5build/CMakeFiles/CMakeTmp/src.cxx
Linking CXX executable cmTC_f14a0
/usr/bin/cmake -E cmake_link_script CMakeFiles/cmTC_f14a0.dir/link.txt --verbose=1
/usr/bin/c++   -D_OFFT_IS_64BIT    -rdynamic CMakeFiles/cmTC_f14a0.dir/src.cxx.o  -o cmTC_f14a0 
gmake[1]: Verzeichnis „/home/n4n0/Development/KDE-Themes/KDE-Rounded-Corners/qt5build/CMakeFiles/CMakeTmp“ wird verlassen


Source file was:

#include <sys/types.h>
 /* Check that off_t can represent 2**63 - 1 correctly.
    We can't simply define LARGE_OFF_T to be 9223372036854775807,
    since some C++ compilers masquerading as C compilers
    incorrectly reject 9223372036854775807.  */
#define LARGE_OFF_T (((off_t) 1 << 62) - 1 + ((off_t) 1 << 62))
  int off_t_is_large[(LARGE_OFF_T % 2147483629 == 721 && LARGE_OFF_T % 2147483647 == 1) ? 1 : -1];
  int main() { return 0; }

Performing C++ SOURCE FILE Test HAVE_DATE_TIME succeeded with the following output:
Change Dir: /home/n4n0/Development/KDE-Themes/KDE-Rounded-Corners/qt5build/CMakeFiles/CMakeTmp

Run Build Command(s):/usr/bin/gmake cmTC_beb76/fast && /usr/bin/gmake -f CMakeFiles/cmTC_beb76.dir/build.make CMakeFiles/cmTC_beb76.dir/build
gmake[1]: Entering directory '/home/n4n0/Development/KDE-Themes/KDE-Rounded-Corners/qt5build/CMakeFiles/CMakeTmp'
Building CXX object CMakeFiles/cmTC_beb76.dir/src.cxx.o
/usr/bin/c++    -std=c++0x -fno-operator-names -fno-exceptions -Wall -Wextra -Wcast-align -Wchar-subscripts -Wformat-security -Wno-long-long -Wpointer-arith -Wundef -Wnon-virtual-dtor -Woverloaded-virtual -Werror=return-type -Wvla -DHAVE_DATE_TIME   -Wdate-time -o CMakeFiles/cmTC_beb76.dir/src.cxx.o -c /home/n4n0/Development/KDE-Themes/KDE-Rounded-Corners/qt5build/CMakeFiles/CMakeTmp/src.cxx
Linking CXX executable cmTC_beb76
/usr/bin/cmake -E cmake_link_script CMakeFiles/cmTC_beb76.dir/link.txt --verbose=1
/usr/bin/c++   -std=c++0x -fno-operator-names -fno-exceptions -Wall -Wextra -Wcast-align -Wchar-subscripts -Wformat-security -Wno-long-long -Wpointer-arith -Wundef -Wnon-virtual-dtor -Woverloaded-virtual -Werror=return-type -Wvla -DHAVE_DATE_TIME    -rdynamic CMakeFiles/cmTC_beb76.dir/src.cxx.o  -o cmTC_beb76 
gmake[1]: Leaving directory '/home/n4n0/Development/KDE-Themes/KDE-Rounded-Corners/qt5build/CMakeFiles/CMakeTmp'


Source file was:
int main() { return 0; }
Determining if the function XOpenDisplay exists in the /usr/lib64/libX11.so;/usr/lib64/libXext.so passed with the following output:
Change Dir: /home/n4n0/Development/KDE-Themes/KDE-Rounded-Corners/qt5build/CMakeFiles/CMakeTmp

Run Build Command(s):/usr/bin/gmake cmTC_81b93/fast && /usr/bin/gmake -f CMakeFiles/cmTC_81b93.dir/build.make CMakeFiles/cmTC_81b93.dir/build
gmake[1]: Verzeichnis „/home/n4n0/Development/KDE-Themes/KDE-Rounded-Corners/qt5build/CMakeFiles/CMakeTmp“ wird betreten
Building C object CMakeFiles/cmTC_81b93.dir/CheckFunctionExists.c.o
/usr/bin/cc -D_GNU_SOURCE -D_LARGEFILE64_SOURCE  -std=iso9899:1990 -fno-common -Wall -Wextra -Wcast-align -Wchar-subscripts -Wformat-security -Wno-long-long -Wpointer-arith -Wundef -Wmissing-format-attribute -Wwrite-strings -Werror=implicit-function-declaration -DCHECK_FUNCTION_EXISTS=XOpenDisplay   -o CMakeFiles/cmTC_81b93.dir/CheckFunctionExists.c.o   -c /usr/share/cmake/Modules/CheckFunctionExists.c
Linking C executable cmTC_81b93
/usr/bin/cmake -E cmake_link_script CMakeFiles/cmTC_81b93.dir/link.txt --verbose=1
/usr/bin/cc  -std=iso9899:1990 -fno-common -Wall -Wextra -Wcast-align -Wchar-subscripts -Wformat-security -Wno-long-long -Wpointer-arith -Wundef -Wmissing-format-attribute -Wwrite-strings -Werror=implicit-function-declaration -DCHECK_FUNCTION_EXISTS=XOpenDisplay    -rdynamic CMakeFiles/cmTC_81b93.dir/CheckFunctionExists.c.o  -o cmTC_81b93 /usr/lib64/libX11.so /usr/lib64/libXext.so 
gmake[1]: Verzeichnis „/home/n4n0/Development/KDE-Themes/KDE-Rounded-Corners/qt5build/CMakeFiles/CMakeTmp“ wird verlassen



Determining if the function gethostbyname exists passed with the following output:
Change Dir: /home/n4n0/Development/KDE-Themes/KDE-Rounded-Corners/qt5build/CMakeFiles/CMakeTmp

Run Build Command(s):/usr/bin/gmake cmTC_70913/fast && /usr/bin/gmake -f CMakeFiles/cmTC_70913.dir/build.make CMakeFiles/cmTC_70913.dir/build
gmake[1]: Verzeichnis „/home/n4n0/Development/KDE-Themes/KDE-Rounded-Corners/qt5build/CMakeFiles/CMakeTmp“ wird betreten
Building C object CMakeFiles/cmTC_70913.dir/CheckFunctionExists.c.o
/usr/bin/cc -D_GNU_SOURCE -D_LARGEFILE64_SOURCE  -std=iso9899:1990 -fno-common -Wall -Wextra -Wcast-align -Wchar-subscripts -Wformat-security -Wno-long-long -Wpointer-arith -Wundef -Wmissing-format-attribute -Wwrite-strings -Werror=implicit-function-declaration -DCHECK_FUNCTION_EXISTS=gethostbyname   -o CMakeFiles/cmTC_70913.dir/CheckFunctionExists.c.o   -c /usr/share/cmake/Modules/CheckFunctionExists.c
Linking C executable cmTC_70913
/usr/bin/cmake -E cmake_link_script CMakeFiles/cmTC_70913.dir/link.txt --verbose=1
/usr/bin/cc  -std=iso9899:1990 -fno-common -Wall -Wextra -Wcast-align -Wchar-subscripts -Wformat-security -Wno-long-long -Wpointer-arith -Wundef -Wmissing-format-attribute -Wwrite-strings -Werror=implicit-function-declaration -DCHECK_FUNCTION_EXISTS=gethostbyname    -rdynamic CMakeFiles/cmTC_70913.dir/CheckFunctionExists.c.o  -o cmTC_70913 
gmake[1]: Verzeichnis „/home/n4n0/Development/KDE-Themes/KDE-Rounded-Corners/qt5build/CMakeFiles/CMakeTmp“ wird verlassen



Determining if the function connect exists passed with the following output:
Change Dir: /home/n4n0/Development/KDE-Themes/KDE-Rounded-Corners/qt5build/CMakeFiles/CMakeTmp

Run Build Command(s):/usr/bin/gmake cmTC_b32b9/fast && /usr/bin/gmake -f CMakeFiles/cmTC_b32b9.dir/build.make CMakeFiles/cmTC_b32b9.dir/build
gmake[1]: Verzeichnis „/home/n4n0/Development/KDE-Themes/KDE-Rounded-Corners/qt5build/CMakeFiles/CMakeTmp“ wird betreten
Building C object CMakeFiles/cmTC_b32b9.dir/CheckFunctionExists.c.o
/usr/bin/cc -D_GNU_SOURCE -D_LARGEFILE64_SOURCE  -std=iso9899:1990 -fno-common -Wall -Wextra -Wcast-align -Wchar-subscripts -Wformat-security -Wno-long-long -Wpointer-arith -Wundef -Wmissing-format-attribute -Wwrite-strings -Werror=implicit-function-declaration -DCHECK_FUNCTION_EXISTS=connect   -o CMakeFiles/cmTC_b32b9.dir/CheckFunctionExists.c.o   -c /usr/share/cmake/Modules/CheckFunctionExists.c
Linking C executable cmTC_b32b9
/usr/bin/cmake -E cmake_link_script CMakeFiles/cmTC_b32b9.dir/link.txt --verbose=1
/usr/bin/cc  -std=iso9899:1990 -fno-common -Wall -Wextra -Wcast-align -Wchar-subscripts -Wformat-security -Wno-long-long -Wpointer-arith -Wundef -Wmissing-format-attribute -Wwrite-strings -Werror=implicit-function-declaration -DCHECK_FUNCTION_EXISTS=connect    -rdynamic CMakeFiles/cmTC_b32b9.dir/CheckFunctionExists.c.o  -o cmTC_b32b9 
gmake[1]: Verzeichnis „/home/n4n0/Development/KDE-Themes/KDE-Rounded-Corners/qt5build/CMakeFiles/CMakeTmp“ wird verlassen



Determining if the function remove exists passed with the following output:
Change Dir: /home/n4n0/Development/KDE-Themes/KDE-Rounded-Corners/qt5build/CMakeFiles/CMakeTmp

Run Build Command(s):/usr/bin/gmake cmTC_3f464/fast && /usr/bin/gmake -f CMakeFiles/cmTC_3f464.dir/build.make CMakeFiles/cmTC_3f464.dir/build
gmake[1]: Verzeichnis „/home/n4n0/Development/KDE-Themes/KDE-Rounded-Corners/qt5build/CMakeFiles/CMakeTmp“ wird betreten
Building C object CMakeFiles/cmTC_3f464.dir/CheckFunctionExists.c.o
/usr/bin/cc -D_GNU_SOURCE -D_LARGEFILE64_SOURCE  -std=iso9899:1990 -fno-common -Wall -Wextra -Wcast-align -Wchar-subscripts -Wformat-security -Wno-long-long -Wpointer-arith -Wundef -Wmissing-format-attribute -Wwrite-strings -Werror=implicit-function-declaration -DCHECK_FUNCTION_EXISTS=remove   -o CMakeFiles/cmTC_3f464.dir/CheckFunctionExists.c.o   -c /usr/share/cmake/Modules/CheckFunctionExists.c
Linking C executable cmTC_3f464
/usr/bin/cmake -E cmake_link_script CMakeFiles/cmTC_3f464.dir/link.txt --verbose=1
/usr/bin/cc  -std=iso9899:1990 -fno-common -Wall -Wextra -Wcast-align -Wchar-subscripts -Wformat-security -Wno-long-long -Wpointer-arith -Wundef -Wmissing-format-attribute -Wwrite-strings -Werror=implicit-function-declaration -DCHECK_FUNCTION_EXISTS=remove    -rdynamic CMakeFiles/cmTC_3f464.dir/CheckFunctionExists.c.o  -o cmTC_3f464 
gmake[1]: Verzeichnis „/home/n4n0/Development/KDE-Themes/KDE-Rounded-Corners/qt5build/CMakeFiles/CMakeTmp“ wird verlassen



Determining if the function shmat exists passed with the following output:
Change Dir: /home/n4n0/Development/KDE-Themes/KDE-Rounded-Corners/qt5build/CMakeFiles/CMakeTmp

Run Build Command(s):/usr/bin/gmake cmTC_c303c/fast && /usr/bin/gmake -f CMakeFiles/cmTC_c303c.dir/build.make CMakeFiles/cmTC_c303c.dir/build
gmake[1]: Verzeichnis „/home/n4n0/Development/KDE-Themes/KDE-Rounded-Corners/qt5build/CMakeFiles/CMakeTmp“ wird betreten
Building C object CMakeFiles/cmTC_c303c.dir/CheckFunctionExists.c.o
/usr/bin/cc -D_GNU_SOURCE -D_LARGEFILE64_SOURCE  -std=iso9899:1990 -fno-common -Wall -Wextra -Wcast-align -Wchar-subscripts -Wformat-security -Wno-long-long -Wpointer-arith -Wundef -Wmissing-format-attribute -Wwrite-strings -Werror=implicit-function-declaration -DCHECK_FUNCTION_EXISTS=shmat   -o CMakeFiles/cmTC_c303c.dir/CheckFunctionExists.c.o   -c /usr/share/cmake/Modules/CheckFunctionExists.c
Linking C executable cmTC_c303c
/usr/bin/cmake -E cmake_link_script CMakeFiles/cmTC_c303c.dir/link.txt --verbose=1
/usr/bin/cc  -std=iso9899:1990 -fno-common -Wall -Wextra -Wcast-align -Wchar-subscripts -Wformat-security -Wno-long-long -Wpointer-arith -Wundef -Wmissing-format-attribute -Wwrite-strings -Werror=implicit-function-declaration -DCHECK_FUNCTION_EXISTS=shmat    -rdynamic CMakeFiles/cmTC_c303c.dir/CheckFunctionExists.c.o  -o cmTC_c303c 
gmake[1]: Verzeichnis „/home/n4n0/Development/KDE-Themes/KDE-Rounded-Corners/qt5build/CMakeFiles/CMakeTmp“ wird verlassen



Determining if the function IceConnectionNumber exists in the ICE passed with the following output:
Change Dir: /home/n4n0/Development/KDE-Themes/KDE-Rounded-Corners/qt5build/CMakeFiles/CMakeTmp

Run Build Command(s):/usr/bin/gmake cmTC_e0f87/fast && /usr/bin/gmake -f CMakeFiles/cmTC_e0f87.dir/build.make CMakeFiles/cmTC_e0f87.dir/build
gmake[1]: Verzeichnis „/home/n4n0/Development/KDE-Themes/KDE-Rounded-Corners/qt5build/CMakeFiles/CMakeTmp“ wird betreten
Building C object CMakeFiles/cmTC_e0f87.dir/CheckFunctionExists.c.o
/usr/bin/cc -D_GNU_SOURCE -D_LARGEFILE64_SOURCE  -std=iso9899:1990 -fno-common -Wall -Wextra -Wcast-align -Wchar-subscripts -Wformat-security -Wno-long-long -Wpointer-arith -Wundef -Wmissing-format-attribute -Wwrite-strings -Werror=implicit-function-declaration -DCHECK_FUNCTION_EXISTS=IceConnectionNumber   -o CMakeFiles/cmTC_e0f87.dir/CheckFunctionExists.c.o   -c /usr/share/cmake/Modules/CheckFunctionExists.c
Linking C executable cmTC_e0f87
/usr/bin/cmake -E cmake_link_script CMakeFiles/cmTC_e0f87.dir/link.txt --verbose=1
/usr/bin/cc  -std=iso9899:1990 -fno-common -Wall -Wextra -Wcast-align -Wchar-subscripts -Wformat-security -Wno-long-long -Wpointer-arith -Wundef -Wmissing-format-attribute -Wwrite-strings -Werror=implicit-function-declaration -DCHECK_FUNCTION_EXISTS=IceConnectionNumber    -rdynamic CMakeFiles/cmTC_e0f87.dir/CheckFunctionExists.c.o  -o cmTC_e0f87 -lICE 
gmake[1]: Verzeichnis „/home/n4n0/Development/KDE-Themes/KDE-Rounded-Corners/qt5build/CMakeFiles/CMakeTmp“ wird verlassen



